<?xml version="1.0" encoding="UTF-8"?>
<!-- Generated by org.testng.reporters.JUnitXMLReporter -->
<testsuite hostname="Debarnab-PC" name="Practice Grouping" tests="3" failures="0" timestamp="13 May 2015 08:31:51 GMT" time="0.051" errors="0">
  <testcase name="Car1" time="0.011" classname="testCases.groupingClass"/>
  <testcase name="Car2" time="0.01" classname="testCases.groupingClass"/>
  <testcase name="Sedan1" time="0.0" classname="testCases.groupingClass"/>
</testsuite> <!-- Practice Grouping -->
