<?xml version="1.0" encoding="UTF-8"?>
<!-- Generated by org.testng.reporters.JUnitXMLReporter -->
<testsuite hostname="Debarnab-PC" name="Practice Grouping" tests="3" failures="0" timestamp="16 May 2015 04:43:18 GMT" time="0.029" errors="0">
  <testcase name="Car1" time="0.008" classname="testCases.groupingClass"/>
  <testcase name="Car2" time="0.0" classname="testCases.groupingClass"/>
  <testcase name="Sedan1" time="0.0" classname="testCases.groupingClass"/>
</testsuite> <!-- Practice Grouping -->
