<?xml version="1.0" encoding="UTF-8"?>
<!-- Generated by org.testng.reporters.JUnitXMLReporter -->
<testsuite hostname="Debarnab-PC" name="Practice Grouping" tests="3" failures="0" timestamp="14 May 2015 18:12:38 GMT" time="0.069" errors="0">
  <testcase name="Car1" time="0.047" classname="testCases.groupingClass"/>
  <testcase name="Car2" time="0.0" classname="testCases.groupingClass"/>
  <testcase name="Sedan1" time="0.0" classname="testCases.groupingClass"/>
</testsuite> <!-- Practice Grouping -->
